Arguments: 
  /usr/local/bin/node /usr/local/Cellar/yarn/1.7.0/libexec/bin/yarn.js run dev

PATH: 
  /usr/local/bin:/usr/bin:/bin:/usr/sbin:/sbin:/Library/Apple/usr/bin:/Library/Apple/bin:/usr/local/share/dotnet:~/.dotnet/tools:/Library/Frameworks/Mono.framework/Versions/Current/Commands:/Applications/Xamarin Workbooks.app/Contents/SharedSupport/path-bin

Yarn version: 
  1.7.0

Node version: 
  10.13.0

Platform: 
  darwin x64

Trace: 
  SyntaxError: /Users/diegomoreno/www/bootcamp2019/aulas/gobarber-api/package.json: Unexpected token / in JSON at position 105
      at JSON.parse (<anonymous>)
      at /usr/local/Cellar/yarn/1.7.0/libexec/lib/cli.js:1130:59
      at Generator.next (<anonymous>)
      at step (/usr/local/Cellar/yarn/1.7.0/libexec/lib/cli.js:98:30)
      at /usr/local/Cellar/yarn/1.7.0/libexec/lib/cli.js:109:13

npm manifest: 
  {
    "name": "gobarber",
    "version": "1.0.0",
    "main": "index.js",
    "license": "MIT",
    "husky": {
      // "hooks": {
      //   "commit-msg": "commitlint -E HUSKY_GIT_PARAMS",
      //   "prepare-commit-msg": "exec < /dev/tty && git cz --hook || true"
      // }
    },
    "lint-staged": {
      "*.js": [
        "yarn eslint --fix src --ext .js",
        "git add"
      ]
    },
    "scripts": {
      "start": "node src/server.js",
      "dev": "nodemon src/server",
      "eslintify": "yarn eslint --fix src --ext .js"
    },
    "dependencies": {
      "@commitlint/cli": "^8.3.5",
      "@commitlint/config-conventional": "^8.3.4",
      "express": "^4.17.1",
      "pg": "^7.18.1",
      "pg-hstore": "^2.3.3",
      "sequelize": "^5.21.3"
    },
    "devDependencies": {
      "@commitlint/cli": "latest",
      "@commitlint/config-conventional": "latest",
      "eslint": "^6.8.0",
      "eslint-config-airbnb-base": "^14.0.0",
      "eslint-config-prettier": "^6.10.0",
      "eslint-plugin-import": "^2.20.0",
      "eslint-plugin-prettier": "^3.1.2",
      "husky": "^4.2.1",
      "lint-staged": "^10.0.6",
      "commitizen": "^4.0.3",
      "cz-conventional-changelog": "^3.0.2",
      "nodemon": "^2.0.2",
      "prettier": "^1.19.1",
      "sequelize-cli": "^5.5.1",
      "sucrase": "^3.12.1"
    },
    "config": {
      "commitizen": {
        "path": "./node_modules/cz-conventional-changelog"
      }
    }
  }

yarn manifest: 
  No manifest

Lockfile: 
  No lockfile
